<?xml version="1.0" encoding="UTF-8" ?>
<testsuite tests="1" failures="0" name="TestSuite" time="14.947" errors="0" skipped="0">
  <properties>
    <property name="java.runtime.name" value="Java(TM) SE Runtime Environment"/>
    <property name="sun.boot.library.path" value="C:\Program Files\Java\jre1.8.0_25\bin"/>
    <property name="java.vm.version" value="25.25-b02"/>
    <property name="java.vm.vendor" value="Oracle Corporation"/>
    <property name="java.vendor.url" value="http://java.oracle.com/"/>
    <property name="path.separator" value=";"/>
    <property name="java.vm.name" value="Java HotSpot(TM) 64-Bit Server VM"/>
    <property name="file.encoding.pkg" value="sun.io"/>
    <property name="user.script" value=""/>
    <property name="user.country" value="IN"/>
    <property name="sun.java.launcher" value="SUN_STANDARD"/>
    <property name="sun.os.patch.level" value=""/>
    <property name="java.vm.specification.name" value="Java Virtual Machine Specification"/>
    <property name="user.dir" value="C:\Users\aparna_ramanakumar\text_project\learning"/>
    <property name="java.runtime.version" value="1.8.0_25-b18"/>
    <property name="java.awt.graphicsenv" value="sun.awt.Win32GraphicsEnvironment"/>
    <property name="basedir" value="C:\Users\aparna_ramanakumar\text_project\learning"/>
    <property name="java.endorsed.dirs" value="C:\Program Files\Java\jre1.8.0_25\lib\endorsed"/>
    <property name="os.arch" value="amd64"/>
    <property name="surefire.real.class.path" value="C:\Users\APARNA~1\AppData\Local\Temp\surefirebooter6699546241487341054.jar"/>
    <property name="java.io.tmpdir" value="C:\Users\APARNA~1\AppData\Local\Temp\"/>
    <property name="line.separator" value="
"/>
    <property name="java.vm.specification.vendor" value="Oracle Corporation"/>
    <property name="user.variant" value=""/>
    <property name="os.name" value="Windows 8.1"/>
    <property name="sun.jnu.encoding" value="Cp1252"/>
    <property name="java.library.path" value="C:\Program Files\Java\jre1.8.0_25\bin;C:\WINDOWS\Sun\Java\bin;C:\WINDOWS\system32;C:\WINDOWS;C:/Program Files/Java/jre1.8.0_25/bin/server;C:/Program Files/Java/jre1.8.0_25/bin;C:/Program Files/Java/jre1.8.0_25/lib/amd64;C:\ProgramData\Oracle\Java\javapath;C:\WINDOWS\system32;C:\WINDOWS;C:\WINDOWS\System32\Wbem;C:\WINDOWS\System32\WindowsPowerShell\v1.0\;C:\Program Files\Java\jdk1.8.0_25\bin;C:\Users\aparna_ramanakumar\AppData\Local\Microsoft\WindowsApps;C:\Program Files\Java\jdk1.8.0_25\bin;C:\maven\bin;;C:\Users\aparna_ramanakumar\Desktop\eclipse-jee-neon-3-win32-x86_64\eclipse;;."/>
    <property name="surefire.test.class.path" value="C:\Users\aparna_ramanakumar\text_project\learning\target\test-classes;C:\Users\aparna_ramanakumar\text_project\learning\target\classes;C:\Users\aparna_ramanakumar\.m2\repository\junit\junit\3.8.1\junit-3.8.1.jar;C:\Users\aparna_ramanakumar\.m2\repository\org\seleniumhq\selenium\selenium-java\2.45.0\selenium-java-2.45.0.jar;C:\Users\aparna_ramanakumar\.m2\repository\org\seleniumhq\selenium\selenium-htmlunit-driver\2.45.0\selenium-htmlunit-driver-2.45.0.jar;C:\Users\aparna_ramanakumar\.m2\repository\net\sourceforge\htmlunit\htmlunit\2.15\htmlunit-2.15.jar;C:\Users\aparna_ramanakumar\.m2\repository\xalan\xalan\2.7.1\xalan-2.7.1.jar;C:\Users\aparna_ramanakumar\.m2\repository\xalan\serializer\2.7.1\serializer-2.7.1.jar;C:\Users\aparna_ramanakumar\.m2\repository\commons-collections\commons-collections\3.2.1\commons-collections-3.2.1.jar;C:\Users\aparna_ramanakumar\.m2\repository\org\apache\commons\commons-lang3\3.3.2\commons-lang3-3.3.2.jar;C:\Users\aparna_ramanakumar\.m2\repository\org\apache\httpcomponents\httpmime\4.3.3\httpmime-4.3.3.jar;C:\Users\aparna_ramanakumar\.m2\repository\net\sourceforge\htmlunit\htmlunit-core-js\2.15\htmlunit-core-js-2.15.jar;C:\Users\aparna_ramanakumar\.m2\repository\xerces\xercesImpl\2.11.0\xercesImpl-2.11.0.jar;C:\Users\aparna_ramanakumar\.m2\repository\net\sourceforge\nekohtml\nekohtml\1.9.21\nekohtml-1.9.21.jar;C:\Users\aparna_ramanakumar\.m2\repository\net\sourceforge\cssparser\cssparser\0.9.14\cssparser-0.9.14.jar;C:\Users\aparna_ramanakumar\.m2\repository\org\w3c\css\sac\1.3\sac-1.3.jar;C:\Users\aparna_ramanakumar\.m2\repository\commons-logging\commons-logging\1.1.3\commons-logging-1.1.3.jar;C:\Users\aparna_ramanakumar\.m2\repository\org\eclipse\jetty\jetty-websocket\8.1.15.v20140411\jetty-websocket-8.1.15.v20140411.jar;C:\Users\aparna_ramanakumar\.m2\repository\org\eclipse\jetty\jetty-util\8.1.15.v20140411\jetty-util-8.1.15.v20140411.jar;C:\Users\aparna_ramanakumar\.m2\repository\org\eclipse\jetty\jetty-io\8.1.15.v20140411\jetty-io-8.1.15.v20140411.jar;C:\Users\aparna_ramanakumar\.m2\repository\org\eclipse\jetty\jetty-http\8.1.15.v20140411\jetty-http-8.1.15.v20140411.jar;C:\Users\aparna_ramanakumar\.m2\repository\org\apache\httpcomponents\httpclient\4.3.6\httpclient-4.3.6.jar;C:\Users\aparna_ramanakumar\.m2\repository\org\apache\httpcomponents\httpcore\4.3.3\httpcore-4.3.3.jar;C:\Users\aparna_ramanakumar\.m2\repository\org\seleniumhq\selenium\selenium-safari-driver\2.45.0\selenium-safari-driver-2.45.0.jar;C:\Users\aparna_ramanakumar\.m2\repository\org\seleniumhq\selenium\selenium-support\2.45.0\selenium-support-2.45.0.jar;C:\Users\aparna_ramanakumar\.m2\repository\org\webbitserver\webbit\0.4.14\webbit-0.4.14.jar;C:\Users\aparna_ramanakumar\.m2\repository\io\netty\netty\3.5.2.Final\netty-3.5.2.Final.jar;C:\Users\aparna_ramanakumar\.m2\repository\org\seleniumhq\selenium\selenium-leg-rc\2.45.0\selenium-leg-rc-2.45.0.jar;C:\Users\aparna_ramanakumar\.m2\repository\org\seleniumhq\selenium\selenium-firefox-driver\2.53.1\selenium-firefox-driver-2.53.1.jar;C:\Users\aparna_ramanakumar\.m2\repository\org\seleniumhq\selenium\selenium-remote-driver\2.53.1\selenium-remote-driver-2.53.1.jar;C:\Users\aparna_ramanakumar\.m2\repository\cglib\cglib-nodep\2.1_3\cglib-nodep-2.1_3.jar;C:\Users\aparna_ramanakumar\.m2\repository\com\google\code\gson\gson\2.3.1\gson-2.3.1.jar;C:\Users\aparna_ramanakumar\.m2\repository\org\seleniumhq\selenium\selenium-api\2.53.1\selenium-api-2.53.1.jar;C:\Users\aparna_ramanakumar\.m2\repository\com\google\guava\guava\19.0\guava-19.0.jar;C:\Users\aparna_ramanakumar\.m2\repository\net\java\dev\jna\jna-platform\4.1.0\jna-platform-4.1.0.jar;C:\Users\aparna_ramanakumar\.m2\repository\commons-io\commons-io\2.4\commons-io-2.4.jar;C:\Users\aparna_ramanakumar\.m2\repository\org\apache\commons\commons-exec\1.3\commons-exec-1.3.jar;C:\Users\aparna_ramanakumar\.m2\repository\org\seleniumhq\selenium\selenium-ie-driver\2.42.0\selenium-ie-driver-2.42.0.jar;C:\Users\aparna_ramanakumar\.m2\repository\net\java\dev\jna\jna\3.4.0\jna-3.4.0.jar;C:\Users\aparna_ramanakumar\.m2\repository\net\java\dev\jna\platform\3.4.0\platform-3.4.0.jar;C:\Users\aparna_ramanakumar\.m2\repository\org\seleniumhq\selenium\selenium-chrome-driver\2.42.0\selenium-chrome-driver-2.42.0.jar;C:\Users\aparna_ramanakumar\.m2\repository\org\testng\testng\6.8\testng-6.8.jar;C:\Users\aparna_ramanakumar\.m2\repository\org\beanshell\bsh\2.0b4\bsh-2.0b4.jar;C:\Users\aparna_ramanakumar\.m2\repository\com\beust\jcommander\1.27\jcommander-1.27.jar;C:\Users\aparna_ramanakumar\.m2\repository\org\yaml\snakeyaml\1.6\snakeyaml-1.6.jar;C:\Users\aparna_ramanakumar\.m2\repository\xml-apis\xml-apis\1.4.01\xml-apis-1.4.01.jar;C:\Users\aparna_ramanakumar\.m2\repository\mysql\mysql-connector-java\5.1.31\mysql-connector-java-5.1.31.jar;C:\Users\aparna_ramanakumar\.m2\repository\org\apache\poi\poi\3.10-FINAL\poi-3.10-FINAL.jar;C:\Users\aparna_ramanakumar\.m2\repository\commons-codec\commons-codec\1.5\commons-codec-1.5.jar;C:\Users\aparna_ramanakumar\.m2\repository\org\apache\poi\poi-ooxml\3.10-FINAL\poi-ooxml-3.10-FINAL.jar;C:\Users\aparna_ramanakumar\.m2\repository\org\apache\poi\poi-ooxml-schemas\3.10-FINAL\poi-ooxml-schemas-3.10-FINAL.jar;C:\Users\aparna_ramanakumar\.m2\repository\org\apache\xmlbeans\xmlbeans\2.3.0\xmlbeans-2.3.0.jar;C:\Users\aparna_ramanakumar\.m2\repository\stax\stax-api\1.0.1\stax-api-1.0.1.jar;C:\Users\aparna_ramanakumar\.m2\repository\dom4j\dom4j\1.6.1\dom4j-1.6.1.jar;C:\Users\aparna_ramanakumar\.m2\repository\org\axsl\org\w3c\dom\svg\svg-dom-java\1.1\svg-dom-java-1.1.jar;C:\Users\aparna_ramanakumar\.m2\repository\org\axsl\org\w3c\dom\smil\smil-boston-dom-java\2000-02-25\smil-boston-dom-java-2000-02-25.jar;C:\Users\aparna_ramanakumar\.m2\repository\log4j\log4j\1.2.17\log4j-1.2.17.jar;C:\Users\aparna_ramanakumar\.m2\repository\com\relevantcodes\extentreports\2.41.1\extentreports-2.41.1.jar;C:\Users\aparna_ramanakumar\.m2\repository\org\jsoup\jsoup\1.8.3\jsoup-1.8.3.jar;C:\Users\aparna_ramanakumar\.m2\repository\org\xerial\sqlite-jdbc\3.8.11.1\sqlite-jdbc-3.8.11.1.jar;C:\Users\aparna_ramanakumar\.m2\repository\org\freemarker\freemarker\2.3.23\freemarker-2.3.23.jar;C:\Users\aparna_ramanakumar\.m2\repository\org\mongodb\mongodb-driver\3.0.4\mongodb-driver-3.0.4.jar;C:\Users\aparna_ramanakumar\.m2\repository\org\mongodb\bson\3.0.4\bson-3.0.4.jar;C:\Users\aparna_ramanakumar\.m2\repository\org\mongodb\mongodb-driver-core\3.0.4\mongodb-driver-core-3.0.4.jar;"/>
    <property name="java.specification.name" value="Java Platform API Specification"/>
    <property name="java.class.version" value="52.0"/>
    <property name="sun.management.compiler" value="HotSpot 64-Bit Tiered Compilers"/>
    <property name="os.version" value="6.3"/>
    <property name="user.home" value="C:\Users\aparna_ramanakumar"/>
    <property name="user.timezone" value="Asia/Calcutta"/>
    <property name="java.awt.printerjob" value="sun.awt.windows.WPrinterJob"/>
    <property name="java.specification.version" value="1.8"/>
    <property name="file.encoding" value="Cp1252"/>
    <property name="user.name" value="aparna_ramanakumar"/>
    <property name="java.class.path" value="C:\Users\aparna_ramanakumar\text_project\learning\target\test-classes;C:\Users\aparna_ramanakumar\text_project\learning\target\classes;C:\Users\aparna_ramanakumar\.m2\repository\junit\junit\3.8.1\junit-3.8.1.jar;C:\Users\aparna_ramanakumar\.m2\repository\org\seleniumhq\selenium\selenium-java\2.45.0\selenium-java-2.45.0.jar;C:\Users\aparna_ramanakumar\.m2\repository\org\seleniumhq\selenium\selenium-htmlunit-driver\2.45.0\selenium-htmlunit-driver-2.45.0.jar;C:\Users\aparna_ramanakumar\.m2\repository\net\sourceforge\htmlunit\htmlunit\2.15\htmlunit-2.15.jar;C:\Users\aparna_ramanakumar\.m2\repository\xalan\xalan\2.7.1\xalan-2.7.1.jar;C:\Users\aparna_ramanakumar\.m2\repository\xalan\serializer\2.7.1\serializer-2.7.1.jar;C:\Users\aparna_ramanakumar\.m2\repository\commons-collections\commons-collections\3.2.1\commons-collections-3.2.1.jar;C:\Users\aparna_ramanakumar\.m2\repository\org\apache\commons\commons-lang3\3.3.2\commons-lang3-3.3.2.jar;C:\Users\aparna_ramanakumar\.m2\repository\org\apache\httpcomponents\httpmime\4.3.3\httpmime-4.3.3.jar;C:\Users\aparna_ramanakumar\.m2\repository\net\sourceforge\htmlunit\htmlunit-core-js\2.15\htmlunit-core-js-2.15.jar;C:\Users\aparna_ramanakumar\.m2\repository\xerces\xercesImpl\2.11.0\xercesImpl-2.11.0.jar;C:\Users\aparna_ramanakumar\.m2\repository\net\sourceforge\nekohtml\nekohtml\1.9.21\nekohtml-1.9.21.jar;C:\Users\aparna_ramanakumar\.m2\repository\net\sourceforge\cssparser\cssparser\0.9.14\cssparser-0.9.14.jar;C:\Users\aparna_ramanakumar\.m2\repository\org\w3c\css\sac\1.3\sac-1.3.jar;C:\Users\aparna_ramanakumar\.m2\repository\commons-logging\commons-logging\1.1.3\commons-logging-1.1.3.jar;C:\Users\aparna_ramanakumar\.m2\repository\org\eclipse\jetty\jetty-websocket\8.1.15.v20140411\jetty-websocket-8.1.15.v20140411.jar;C:\Users\aparna_ramanakumar\.m2\repository\org\eclipse\jetty\jetty-util\8.1.15.v20140411\jetty-util-8.1.15.v20140411.jar;C:\Users\aparna_ramanakumar\.m2\repository\org\eclipse\jetty\jetty-io\8.1.15.v20140411\jetty-io-8.1.15.v20140411.jar;C:\Users\aparna_ramanakumar\.m2\repository\org\eclipse\jetty\jetty-http\8.1.15.v20140411\jetty-http-8.1.15.v20140411.jar;C:\Users\aparna_ramanakumar\.m2\repository\org\apache\httpcomponents\httpclient\4.3.6\httpclient-4.3.6.jar;C:\Users\aparna_ramanakumar\.m2\repository\org\apache\httpcomponents\httpcore\4.3.3\httpcore-4.3.3.jar;C:\Users\aparna_ramanakumar\.m2\repository\org\seleniumhq\selenium\selenium-safari-driver\2.45.0\selenium-safari-driver-2.45.0.jar;C:\Users\aparna_ramanakumar\.m2\repository\org\seleniumhq\selenium\selenium-support\2.45.0\selenium-support-2.45.0.jar;C:\Users\aparna_ramanakumar\.m2\repository\org\webbitserver\webbit\0.4.14\webbit-0.4.14.jar;C:\Users\aparna_ramanakumar\.m2\repository\io\netty\netty\3.5.2.Final\netty-3.5.2.Final.jar;C:\Users\aparna_ramanakumar\.m2\repository\org\seleniumhq\selenium\selenium-leg-rc\2.45.0\selenium-leg-rc-2.45.0.jar;C:\Users\aparna_ramanakumar\.m2\repository\org\seleniumhq\selenium\selenium-firefox-driver\2.53.1\selenium-firefox-driver-2.53.1.jar;C:\Users\aparna_ramanakumar\.m2\repository\org\seleniumhq\selenium\selenium-remote-driver\2.53.1\selenium-remote-driver-2.53.1.jar;C:\Users\aparna_ramanakumar\.m2\repository\cglib\cglib-nodep\2.1_3\cglib-nodep-2.1_3.jar;C:\Users\aparna_ramanakumar\.m2\repository\com\google\code\gson\gson\2.3.1\gson-2.3.1.jar;C:\Users\aparna_ramanakumar\.m2\repository\org\seleniumhq\selenium\selenium-api\2.53.1\selenium-api-2.53.1.jar;C:\Users\aparna_ramanakumar\.m2\repository\com\google\guava\guava\19.0\guava-19.0.jar;C:\Users\aparna_ramanakumar\.m2\repository\net\java\dev\jna\jna-platform\4.1.0\jna-platform-4.1.0.jar;C:\Users\aparna_ramanakumar\.m2\repository\commons-io\commons-io\2.4\commons-io-2.4.jar;C:\Users\aparna_ramanakumar\.m2\repository\org\apache\commons\commons-exec\1.3\commons-exec-1.3.jar;C:\Users\aparna_ramanakumar\.m2\repository\org\seleniumhq\selenium\selenium-ie-driver\2.42.0\selenium-ie-driver-2.42.0.jar;C:\Users\aparna_ramanakumar\.m2\repository\net\java\dev\jna\jna\3.4.0\jna-3.4.0.jar;C:\Users\aparna_ramanakumar\.m2\repository\net\java\dev\jna\platform\3.4.0\platform-3.4.0.jar;C:\Users\aparna_ramanakumar\.m2\repository\org\seleniumhq\selenium\selenium-chrome-driver\2.42.0\selenium-chrome-driver-2.42.0.jar;C:\Users\aparna_ramanakumar\.m2\repository\org\testng\testng\6.8\testng-6.8.jar;C:\Users\aparna_ramanakumar\.m2\repository\org\beanshell\bsh\2.0b4\bsh-2.0b4.jar;C:\Users\aparna_ramanakumar\.m2\repository\com\beust\jcommander\1.27\jcommander-1.27.jar;C:\Users\aparna_ramanakumar\.m2\repository\org\yaml\snakeyaml\1.6\snakeyaml-1.6.jar;C:\Users\aparna_ramanakumar\.m2\repository\xml-apis\xml-apis\1.4.01\xml-apis-1.4.01.jar;C:\Users\aparna_ramanakumar\.m2\repository\mysql\mysql-connector-java\5.1.31\mysql-connector-java-5.1.31.jar;C:\Users\aparna_ramanakumar\.m2\repository\org\apache\poi\poi\3.10-FINAL\poi-3.10-FINAL.jar;C:\Users\aparna_ramanakumar\.m2\repository\commons-codec\commons-codec\1.5\commons-codec-1.5.jar;C:\Users\aparna_ramanakumar\.m2\repository\org\apache\poi\poi-ooxml\3.10-FINAL\poi-ooxml-3.10-FINAL.jar;C:\Users\aparna_ramanakumar\.m2\repository\org\apache\poi\poi-ooxml-schemas\3.10-FINAL\poi-ooxml-schemas-3.10-FINAL.jar;C:\Users\aparna_ramanakumar\.m2\repository\org\apache\xmlbeans\xmlbeans\2.3.0\xmlbeans-2.3.0.jar;C:\Users\aparna_ramanakumar\.m2\repository\stax\stax-api\1.0.1\stax-api-1.0.1.jar;C:\Users\aparna_ramanakumar\.m2\repository\dom4j\dom4j\1.6.1\dom4j-1.6.1.jar;C:\Users\aparna_ramanakumar\.m2\repository\org\axsl\org\w3c\dom\svg\svg-dom-java\1.1\svg-dom-java-1.1.jar;C:\Users\aparna_ramanakumar\.m2\repository\org\axsl\org\w3c\dom\smil\smil-boston-dom-java\2000-02-25\smil-boston-dom-java-2000-02-25.jar;C:\Users\aparna_ramanakumar\.m2\repository\log4j\log4j\1.2.17\log4j-1.2.17.jar;C:\Users\aparna_ramanakumar\.m2\repository\com\relevantcodes\extentreports\2.41.1\extentreports-2.41.1.jar;C:\Users\aparna_ramanakumar\.m2\repository\org\jsoup\jsoup\1.8.3\jsoup-1.8.3.jar;C:\Users\aparna_ramanakumar\.m2\repository\org\xerial\sqlite-jdbc\3.8.11.1\sqlite-jdbc-3.8.11.1.jar;C:\Users\aparna_ramanakumar\.m2\repository\org\freemarker\freemarker\2.3.23\freemarker-2.3.23.jar;C:\Users\aparna_ramanakumar\.m2\repository\org\mongodb\mongodb-driver\3.0.4\mongodb-driver-3.0.4.jar;C:\Users\aparna_ramanakumar\.m2\repository\org\mongodb\bson\3.0.4\bson-3.0.4.jar;C:\Users\aparna_ramanakumar\.m2\repository\org\mongodb\mongodb-driver-core\3.0.4\mongodb-driver-core-3.0.4.jar;"/>
    <property name="java.vm.specification.version" value="1.8"/>
    <property name="sun.arch.data.model" value="64"/>
    <property name="java.home" value="C:\Program Files\Java\jre1.8.0_25"/>
    <property name="sun.java.command" value="C:\Users\APARNA~1\AppData\Local\Temp\surefirebooter6699546241487341054.jar C:\Users\APARNA~1\AppData\Local\Temp\surefire1715620690474048864tmp C:\Users\APARNA~1\AppData\Local\Temp\surefire1091088417799949401tmp"/>
    <property name="java.specification.vendor" value="Oracle Corporation"/>
    <property name="user.language" value="en"/>
    <property name="awt.toolkit" value="sun.awt.windows.WToolkit"/>
    <property name="java.vm.info" value="mixed mode"/>
    <property name="java.version" value="1.8.0_25"/>
    <property name="java.ext.dirs" value="C:\Program Files\Java\jre1.8.0_25\lib\ext;C:\WINDOWS\Sun\Java\lib\ext"/>
    <property name="sun.boot.class.path" value="C:\Program Files\Java\jre1.8.0_25\lib\resources.jar;C:\Program Files\Java\jre1.8.0_25\lib\rt.jar;C:\Program Files\Java\jre1.8.0_25\lib\sunrsasign.jar;C:\Program Files\Java\jre1.8.0_25\lib\jsse.jar;C:\Program Files\Java\jre1.8.0_25\lib\jce.jar;C:\Program Files\Java\jre1.8.0_25\lib\charsets.jar;C:\Program Files\Java\jre1.8.0_25\lib\jfr.jar;C:\Program Files\Java\jre1.8.0_25\classes"/>
    <property name="java.vendor" value="Oracle Corporation"/>
    <property name="localRepository" value="C:\Users\aparna_ramanakumar\.m2\repository"/>
    <property name="file.separator" value="\"/>
    <property name="java.vendor.url.bug" value="http://bugreport.sun.com/bugreport/"/>
    <property name="sun.cpu.endian" value="little"/>
    <property name="sun.io.unicode.encoding" value="UnicodeLittle"/>
    <property name="sun.desktop" value="windows"/>
    <property name="sun.cpu.isalist" value="amd64"/>
  </properties>
  <testcase classname="learning.TestClass" name="test_Home_Page_Appear_Correct" time="3.936"/>
</testsuite>