<?xml version="1.0" encoding="UTF-8"?>
<!-- Generated by org.testng.reporters.JUnitReportReporter -->
<testsuite hostname="BLD23314" name="learning.TestClass" tests="1" failures="0" timestamp="14 Jun 2018 12:25:46 GMT" time="14.519" errors="0">
  <testcase name="test_Home_Page_Appear_Correct" time="14.519" classname="learning.TestClass"/>
</testsuite> <!-- learning.TestClass -->
